\BOOKMARK [0][-]{chapter.1}{Introduction}{}% 1
\BOOKMARK [0][-]{chapter.2}{Cosmic rays}{}% 2
\BOOKMARK [1][-]{section.2.1}{Cosmic Rays}{chapter.2}% 3
\BOOKMARK [1][-]{section.2.2}{Sources of cosmic rays}{chapter.2}% 4
\BOOKMARK [1][-]{section.2.3}{Propagation}{chapter.2}% 5
\BOOKMARK [1][-]{section.2.4}{Cosmic antiprotons measurement}{chapter.2}% 6
\BOOKMARK [0][-]{chapter.3}{AMS-02 Experiment}{}% 7
\BOOKMARK [1][-]{section.3.1}{Experiment Overview}{chapter.3}% 8
\BOOKMARK [1][-]{section.3.2}{Transition Radiation Detector}{chapter.3}% 9
\BOOKMARK [1][-]{section.3.3}{Silicon Tracker}{chapter.3}% 10
\BOOKMARK [1][-]{section.3.4}{Time Of Flight}{chapter.3}% 11
\BOOKMARK [1][-]{section.3.5}{Ring-Imaging Cherenkov Detector}{chapter.3}% 12
\BOOKMARK [1][-]{section.3.6}{Electromagnetic Calorimeter}{chapter.3}% 13
\BOOKMARK [1][-]{section.3.7}{Anti-Coincidence Counter}{chapter.3}% 14
\BOOKMARK [0][-]{chapter.4}{Analysis}{}% 15
\BOOKMARK [1][-]{section.4.1}{Data Selection}{chapter.4}% 16
\BOOKMARK [1][-]{section.4.2}{Charge Confusion Estimator}{chapter.4}% 17
\BOOKMARK [1][-]{section.4.3}{TRD Estimator}{chapter.4}% 18
\BOOKMARK [1][-]{section.4.4}{Template Fit}{chapter.4}% 19
\BOOKMARK [1][-]{section.4.5}{Effective Acceptance}{chapter.4}% 20
\BOOKMARK [1][-]{section.4.6}{Measuring Time}{chapter.4}% 21
\BOOKMARK [1][-]{section.4.7}{Unfolding}{chapter.4}% 22
\BOOKMARK [1][-]{section.4.8}{Antiproton To Proton Flux Ratio}{chapter.4}% 23
\BOOKMARK [1][-]{section.4.9}{Systematic Uncertainties}{chapter.4}% 24
\BOOKMARK [0][-]{chapter.5}{Results}{}% 25
\BOOKMARK [1][-]{section.5.1}{Time Averaged Result}{chapter.5}% 26
\BOOKMARK [1][-]{section.5.2}{Time Dependent Result}{chapter.5}% 27
\BOOKMARK [0][-]{chapter.6}{Summary}{}% 28
\BOOKMARK [0][-]{Appendix.a.A}{Appendix Input variables for charge confusion estimator}{}% 29
\BOOKMARK [0][-]{Appendix.a.B}{Appendix Table of Results}{}% 30
\BOOKMARK [0][-]{Appendix.a.C}{Appendix Acronyms}{}% 31
\BOOKMARK [0][-]{table.caption.115}{LIST OF FIGURES}{}% 32
\BOOKMARK [0][-]{table.caption.115}{LIST OF TABLES}{}% 33
\BOOKMARK [0][-]{section*.116}{BIBLIOGRAPHY}{}% 34
\BOOKMARK [0][-]{chapter*.118}{ACKNOWLEDGEMENTS}{}% 35
