ac_merge> Source file 1: /hpcwork/jara0052/sichen/Measuringtime/05_2021_GEOMETRIC35_1.2/MeasuringTime_from_RTI_Files_00000.root
ac_merge> Source file 2: /hpcwork/jara0052/sichen/Measuringtime/05_2021_GEOMETRIC35_1.2/MeasuringTime_from_RTI_Files_00001.root
ac_merge> Source file 3: /hpcwork/jara0052/sichen/Measuringtime/05_2021_GEOMETRIC35_1.2/MeasuringTime_from_RTI_Files_00002.root
ac_merge> Source file 4: /hpcwork/jara0052/sichen/Measuringtime/05_2021_GEOMETRIC35_1.2/MeasuringTime_from_RTI_Files_00003.root
ac_merge> Source file 5: /hpcwork/jara0052/sichen/Measuringtime/05_2021_GEOMETRIC35_1.2/MeasuringTime_from_RTI_Files_00004.root
ac_merge> Source file 6: /hpcwork/jara0052/sichen/Measuringtime/05_2021_GEOMETRIC35_1.2/MeasuringTime_from_RTI_Files_00005.root
ac_merge> Source file 7: /hpcwork/jara0052/sichen/Measuringtime/05_2021_GEOMETRIC35_1.2/MeasuringTime_from_RTI_Files_00006.root
ac_merge> Source file 8: /hpcwork/jara0052/sichen/Measuringtime/05_2021_GEOMETRIC35_1.2/MeasuringTime_from_RTI_Files_00007.root
ac_merge> Source file 9: /hpcwork/jara0052/sichen/Measuringtime/05_2021_GEOMETRIC35_1.2/MeasuringTime_from_RTI_Files_00008.root
ac_merge> Source file 10: /hpcwork/jara0052/sichen/Measuringtime/05_2021_GEOMETRIC35_1.2/MeasuringTime_from_RTI_Files_00009.root
ac_merge> Source file 11: /hpcwork/jara0052/sichen/Measuringtime/05_2021_GEOMETRIC35_1.2/MeasuringTime_from_RTI_Files_00010.root
ac_merge> Source file 12: /hpcwork/jara0052/sichen/Measuringtime/05_2021_GEOMETRIC35_1.2/MeasuringTime_from_RTI_Files_00011.root
ac_merge> Source file 13: /hpcwork/jara0052/sichen/Measuringtime/05_2021_GEOMETRIC35_1.2/MeasuringTime_from_RTI_Files_00012.root
ac_merge> Source file 14: /hpcwork/jara0052/sichen/Measuringtime/05_2021_GEOMETRIC35_1.2/MeasuringTime_from_RTI_Files_00013.root
ac_merge> Source file 15: /hpcwork/jara0052/sichen/Measuringtime/05_2021_GEOMETRIC35_1.2/MeasuringTime_from_RTI_Files_00014.root
ac_merge> Source file 16: /hpcwork/jara0052/sichen/Measuringtime/05_2021_GEOMETRIC35_1.2/MeasuringTime_from_RTI_Files_00015.root
ac_merge> Source file 17: /hpcwork/jara0052/sichen/Measuringtime/05_2021_GEOMETRIC35_1.2/MeasuringTime_from_RTI_Files_00016.root
ac_merge> Source file 18: /hpcwork/jara0052/sichen/Measuringtime/05_2021_GEOMETRIC35_1.2/MeasuringTime_from_RTI_Files_00017.root
ac_merge> Source file 19: /hpcwork/jara0052/sichen/Measuringtime/05_2021_GEOMETRIC35_1.2/MeasuringTime_from_RTI_Files_00018.root
ac_merge> Source file 20: /hpcwork/jara0052/sichen/Measuringtime/05_2021_GEOMETRIC35_1.2/MeasuringTime_from_RTI_Files_00019.root
ac_merge> Source file 21: /hpcwork/jara0052/sichen/Measuringtime/05_2021_GEOMETRIC35_1.2/MeasuringTime_from_RTI_Files_00020.root
ac_merge> Source file 22: /hpcwork/jara0052/sichen/Measuringtime/05_2021_GEOMETRIC35_1.2/MeasuringTime_from_RTI_Files_00021.root
ac_merge> Source file 23: /hpcwork/jara0052/sichen/Measuringtime/05_2021_GEOMETRIC35_1.2/MeasuringTime_from_RTI_Files_00022.root
ac_merge> Source file 24: /hpcwork/jara0052/sichen/Measuringtime/05_2021_GEOMETRIC35_1.2/MeasuringTime_from_RTI_Files_00023.root
ac_merge> Source file 25: /hpcwork/jara0052/sichen/Measuringtime/05_2021_GEOMETRIC35_1.2/MeasuringTime_from_RTI_Files_00024.root
ac_merge> Source file 26: /hpcwork/jara0052/sichen/Measuringtime/05_2021_GEOMETRIC35_1.2/MeasuringTime_from_RTI_Files_00025.root
ac_merge> Source file 27: /hpcwork/jara0052/sichen/Measuringtime/05_2021_GEOMETRIC35_1.2/MeasuringTime_from_RTI_Files_00026.root
ac_merge> Source file 28: /hpcwork/jara0052/sichen/Measuringtime/05_2021_GEOMETRIC35_1.2/MeasuringTime_from_RTI_Files_00027.root
ac_merge> Source file 29: /hpcwork/jara0052/sichen/Measuringtime/05_2021_GEOMETRIC35_1.2/MeasuringTime_from_RTI_Files_00028.root
ac_merge> Source file 30: /hpcwork/jara0052/sichen/Measuringtime/05_2021_GEOMETRIC35_1.2/MeasuringTime_from_RTI_Files_00029.root
ac_merge> Source file 31: /hpcwork/jara0052/sichen/Measuringtime/05_2021_GEOMETRIC35_1.2/MeasuringTime_from_RTI_Files_00030.root
ac_merge> Source file 32: /hpcwork/jara0052/sichen/Measuringtime/05_2021_GEOMETRIC35_1.2/MeasuringTime_from_RTI_Files_00031.root
ac_merge> Source file 33: /hpcwork/jara0052/sichen/Measuringtime/05_2021_GEOMETRIC35_1.2/MeasuringTime_from_RTI_Files_00032.root
ac_merge> Source file 34: /hpcwork/jara0052/sichen/Measuringtime/05_2021_GEOMETRIC35_1.2/MeasuringTime_from_RTI_Files_00033.root
ac_merge> Source file 35: /hpcwork/jara0052/sichen/Measuringtime/05_2021_GEOMETRIC35_1.2/MeasuringTime_from_RTI_Files_00034.root
ac_merge> Source file 36: /hpcwork/jara0052/sichen/Measuringtime/05_2021_GEOMETRIC35_1.2/MeasuringTime_from_RTI_Files_00035.root
ac_merge> Source file 37: /hpcwork/jara0052/sichen/Measuringtime/05_2021_GEOMETRIC35_1.2/MeasuringTime_from_RTI_Files_00036.root
ac_merge> Source file 38: /hpcwork/jara0052/sichen/Measuringtime/05_2021_GEOMETRIC35_1.2/MeasuringTime_from_RTI_Files_00037.root
ac_merge> Source file 39: /hpcwork/jara0052/sichen/Measuringtime/05_2021_GEOMETRIC35_1.2/MeasuringTime_from_RTI_Files_00038.root
ac_merge> Source file 40: /hpcwork/jara0052/sichen/Measuringtime/05_2021_GEOMETRIC35_1.2/MeasuringTime_from_RTI_Files_00039.root
ac_merge> Source file 41: /hpcwork/jara0052/sichen/Measuringtime/05_2021_GEOMETRIC35_1.2/MeasuringTime_from_RTI_Files_00040.root
ac_merge> Source file 42: /hpcwork/jara0052/sichen/Measuringtime/05_2021_GEOMETRIC35_1.2/MeasuringTime_from_RTI_Files_00041.root
ac_merge> Source file 43: /hpcwork/jara0052/sichen/Measuringtime/05_2021_GEOMETRIC35_1.2/MeasuringTime_from_RTI_Files_00042.root
ac_merge> Source file 44: /hpcwork/jara0052/sichen/Measuringtime/05_2021_GEOMETRIC35_1.2/MeasuringTime_from_RTI_Files_00043.root
ac_merge> Source file 45: /hpcwork/jara0052/sichen/Measuringtime/05_2021_GEOMETRIC35_1.2/MeasuringTime_from_RTI_Files_00044.root
ac_merge> Source file 46: /hpcwork/jara0052/sichen/Measuringtime/05_2021_GEOMETRIC35_1.2/MeasuringTime_from_RTI_Files_00045.root
ac_merge> Source file 47: /hpcwork/jara0052/sichen/Measuringtime/05_2021_GEOMETRIC35_1.2/MeasuringTime_from_RTI_Files_00046.root
ac_merge> Source file 48: /hpcwork/jara0052/sichen/Measuringtime/05_2021_GEOMETRIC35_1.2/MeasuringTime_from_RTI_Files_00047.root
ac_merge> Target path: /hpcwork/jara0052/sichen/Measuringtime//MeasuringTime_pass7.8_05_2021_GEOMETRIC35_1.2.root:/
ac_merge> Target path: /hpcwork/jara0052/sichen/Measuringtime//MeasuringTime_pass7.8_05_2021_GEOMETRIC35_1.2.root:/MeasuringTime
ac_merge> Source file 1: /hpcwork/jara0052/sichen/Measuringtime/05_2021_IGRF35_1.2/MeasuringTime_from_RTI_Files_00000.root
ac_merge> Source file 2: /hpcwork/jara0052/sichen/Measuringtime/05_2021_IGRF35_1.2/MeasuringTime_from_RTI_Files_00001.root
ac_merge> Source file 3: /hpcwork/jara0052/sichen/Measuringtime/05_2021_IGRF35_1.2/MeasuringTime_from_RTI_Files_00002.root
ac_merge> Source file 4: /hpcwork/jara0052/sichen/Measuringtime/05_2021_IGRF35_1.2/MeasuringTime_from_RTI_Files_00003.root
ac_merge> Source file 5: /hpcwork/jara0052/sichen/Measuringtime/05_2021_IGRF35_1.2/MeasuringTime_from_RTI_Files_00004.root
ac_merge> Source file 6: /hpcwork/jara0052/sichen/Measuringtime/05_2021_IGRF35_1.2/MeasuringTime_from_RTI_Files_00005.root
ac_merge> Source file 7: /hpcwork/jara0052/sichen/Measuringtime/05_2021_IGRF35_1.2/MeasuringTime_from_RTI_Files_00006.root
ac_merge> Source file 8: /hpcwork/jara0052/sichen/Measuringtime/05_2021_IGRF35_1.2/MeasuringTime_from_RTI_Files_00007.root
ac_merge> Source file 9: /hpcwork/jara0052/sichen/Measuringtime/05_2021_IGRF35_1.2/MeasuringTime_from_RTI_Files_00008.root
ac_merge> Source file 10: /hpcwork/jara0052/sichen/Measuringtime/05_2021_IGRF35_1.2/MeasuringTime_from_RTI_Files_00009.root
ac_merge> Source file 11: /hpcwork/jara0052/sichen/Measuringtime/05_2021_IGRF35_1.2/MeasuringTime_from_RTI_Files_00010.root
ac_merge> Source file 12: /hpcwork/jara0052/sichen/Measuringtime/05_2021_IGRF35_1.2/MeasuringTime_from_RTI_Files_00011.root
ac_merge> Source file 13: /hpcwork/jara0052/sichen/Measuringtime/05_2021_IGRF35_1.2/MeasuringTime_from_RTI_Files_00012.root
ac_merge> Source file 14: /hpcwork/jara0052/sichen/Measuringtime/05_2021_IGRF35_1.2/MeasuringTime_from_RTI_Files_00013.root
ac_merge> Source file 15: /hpcwork/jara0052/sichen/Measuringtime/05_2021_IGRF35_1.2/MeasuringTime_from_RTI_Files_00014.root
ac_merge> Source file 16: /hpcwork/jara0052/sichen/Measuringtime/05_2021_IGRF35_1.2/MeasuringTime_from_RTI_Files_00015.root
ac_merge> Source file 17: /hpcwork/jara0052/sichen/Measuringtime/05_2021_IGRF35_1.2/MeasuringTime_from_RTI_Files_00016.root
ac_merge> Source file 18: /hpcwork/jara0052/sichen/Measuringtime/05_2021_IGRF35_1.2/MeasuringTime_from_RTI_Files_00017.root
ac_merge> Source file 19: /hpcwork/jara0052/sichen/Measuringtime/05_2021_IGRF35_1.2/MeasuringTime_from_RTI_Files_00018.root
ac_merge> Source file 20: /hpcwork/jara0052/sichen/Measuringtime/05_2021_IGRF35_1.2/MeasuringTime_from_RTI_Files_00019.root
ac_merge> Source file 21: /hpcwork/jara0052/sichen/Measuringtime/05_2021_IGRF35_1.2/MeasuringTime_from_RTI_Files_00020.root
ac_merge> Source file 22: /hpcwork/jara0052/sichen/Measuringtime/05_2021_IGRF35_1.2/MeasuringTime_from_RTI_Files_00021.root
ac_merge> Source file 23: /hpcwork/jara0052/sichen/Measuringtime/05_2021_IGRF35_1.2/MeasuringTime_from_RTI_Files_00022.root
ac_merge> Source file 24: /hpcwork/jara0052/sichen/Measuringtime/05_2021_IGRF35_1.2/MeasuringTime_from_RTI_Files_00023.root
ac_merge> Source file 25: /hpcwork/jara0052/sichen/Measuringtime/05_2021_IGRF35_1.2/MeasuringTime_from_RTI_Files_00024.root
ac_merge> Source file 26: /hpcwork/jara0052/sichen/Measuringtime/05_2021_IGRF35_1.2/MeasuringTime_from_RTI_Files_00025.root
ac_merge> Source file 27: /hpcwork/jara0052/sichen/Measuringtime/05_2021_IGRF35_1.2/MeasuringTime_from_RTI_Files_00026.root
ac_merge> Source file 28: /hpcwork/jara0052/sichen/Measuringtime/05_2021_IGRF35_1.2/MeasuringTime_from_RTI_Files_00027.root
ac_merge> Source file 29: /hpcwork/jara0052/sichen/Measuringtime/05_2021_IGRF35_1.2/MeasuringTime_from_RTI_Files_00028.root
ac_merge> Source file 30: /hpcwork/jara0052/sichen/Measuringtime/05_2021_IGRF35_1.2/MeasuringTime_from_RTI_Files_00029.root
ac_merge> Source file 31: /hpcwork/jara0052/sichen/Measuringtime/05_2021_IGRF35_1.2/MeasuringTime_from_RTI_Files_00030.root
ac_merge> Source file 32: /hpcwork/jara0052/sichen/Measuringtime/05_2021_IGRF35_1.2/MeasuringTime_from_RTI_Files_00031.root
ac_merge> Source file 33: /hpcwork/jara0052/sichen/Measuringtime/05_2021_IGRF35_1.2/MeasuringTime_from_RTI_Files_00032.root
ac_merge> Source file 34: /hpcwork/jara0052/sichen/Measuringtime/05_2021_IGRF35_1.2/MeasuringTime_from_RTI_Files_00033.root
ac_merge> Source file 35: /hpcwork/jara0052/sichen/Measuringtime/05_2021_IGRF35_1.2/MeasuringTime_from_RTI_Files_00034.root
ac_merge> Source file 36: /hpcwork/jara0052/sichen/Measuringtime/05_2021_IGRF35_1.2/MeasuringTime_from_RTI_Files_00035.root
ac_merge> Source file 37: /hpcwork/jara0052/sichen/Measuringtime/05_2021_IGRF35_1.2/MeasuringTime_from_RTI_Files_00036.root
ac_merge> Source file 38: /hpcwork/jara0052/sichen/Measuringtime/05_2021_IGRF35_1.2/MeasuringTime_from_RTI_Files_00037.root
ac_merge> Source file 39: /hpcwork/jara0052/sichen/Measuringtime/05_2021_IGRF35_1.2/MeasuringTime_from_RTI_Files_00038.root
ac_merge> Source file 40: /hpcwork/jara0052/sichen/Measuringtime/05_2021_IGRF35_1.2/MeasuringTime_from_RTI_Files_00039.root
ac_merge> Source file 41: /hpcwork/jara0052/sichen/Measuringtime/05_2021_IGRF35_1.2/MeasuringTime_from_RTI_Files_00040.root
ac_merge> Source file 42: /hpcwork/jara0052/sichen/Measuringtime/05_2021_IGRF35_1.2/MeasuringTime_from_RTI_Files_00041.root
ac_merge> Source file 43: /hpcwork/jara0052/sichen/Measuringtime/05_2021_IGRF35_1.2/MeasuringTime_from_RTI_Files_00042.root
ac_merge> Source file 44: /hpcwork/jara0052/sichen/Measuringtime/05_2021_IGRF35_1.2/MeasuringTime_from_RTI_Files_00043.root
ac_merge> Source file 45: /hpcwork/jara0052/sichen/Measuringtime/05_2021_IGRF35_1.2/MeasuringTime_from_RTI_Files_00044.root
ac_merge> Source file 46: /hpcwork/jara0052/sichen/Measuringtime/05_2021_IGRF35_1.2/MeasuringTime_from_RTI_Files_00045.root
ac_merge> Source file 47: /hpcwork/jara0052/sichen/Measuringtime/05_2021_IGRF35_1.2/MeasuringTime_from_RTI_Files_00046.root
ac_merge> Source file 48: /hpcwork/jara0052/sichen/Measuringtime/05_2021_IGRF35_1.2/MeasuringTime_from_RTI_Files_00047.root
ac_merge> Target path: /hpcwork/jara0052/sichen/Measuringtime//MeasuringTime_pass7.8_05_2021_IGRF35_1.2.root:/
ac_merge> Target path: /hpcwork/jara0052/sichen/Measuringtime//MeasuringTime_pass7.8_05_2021_IGRF35_1.2.root:/MeasuringTime
